!use druid
!set outputformat mysql


select 1+3;
+--------+
| EXPR$0 |
+--------+
|      4 |
+--------+
(1 row)

 !ok  

select cityName, countryName from wikipedia where cityName='New York' limit 1;
org.apache.calcite.avatica.AvaticaSqlException: Error -1 (00000) : Error while executing SQL "+--------+
| EXPR$0 |
+--------+
|      4 |
+--------+
(1 row)

 !ok  

select cityName, countryName from wikipedia where cityName='New York' limit 1": Remote driver error: QueryInterruptedException: Received an unexpected token [+ |] (line [1], column [1]), acceptable options: ["INSERT", "UPSERT", "EXPLAIN", "REPLACE", "SET", "RESET", "ALTER", "WITH", "SELECT", "VALUES", "VALUE", "TABLE", "+" "+", "+" "-", "+" "NOT", "+" "EXISTS", "+" "UNIQUE", "+" "INTERVAL", "+" <UNSIGNED_INTEGER_LITERAL>, "+" <DECIMAL_NUMERIC_LITERAL>, "+" <APPROX_NUMERIC_LITERAL>, "+" <BINARY_STRING_LITERAL>, "+" <PREFIXED_STRING_LITERAL>, "+" <QUOTED_STRING>, "+" <UNICODE_STRING_LITERAL>, "+" <C_STYLE_ESCAPED_STRING_LITERAL>, "+" <BIG_QUERY_DOUBLE_QUOTED_STRING>, "+" <BIG_QUERY_QUOTED_STRING>, "+" "TRUE", "+" "FALSE", "+" "UNKNOWN", "+" "NULL", "+" <LBRACE_D>, "+" <LBRACE_T>, "+" <LBRACE_TS>, "+" "DATE", "+" "DATETIME", "+" "TIME", "+" "TIMESTAMP", "+" "?", "+" "CAST", "+" "SAFE_CAST", "+" "TRY_CAST", "+" "EXTRACT", "+" "POSITION", "+" "CONVERT", "+" "TRANSLATE", "+" "OVERLAY", "+" "FLOOR", "+" "CEIL", "+" "CEILING", "+" "SUBSTRING", "+" "TRIM", "+" "CLASSIFIER", "+" "MATCH_NUMBER", "+" "RUNNING", "+" "PREV", "+" "NEXT", "+" "JSON_EXISTS", "+" "JSON_VALUE", "+" "JSON_QUERY", "+" "JSON_OBJECT", "+" "JSON_OBJECTAGG", "+" "JSON_ARRAY", "+" "JSON_ARRAYAGG", "+" <LBRACE_FN>, "+" "MULTISET", "+" "ARRAY", "+" "PERIOD", "+" "SPECIFIC", "+" <IDENTIFIER>, "+" <HYPHENATED_IDENTIFIER>, "+" <QUOTED_IDENTIFIER>, "+" <BACK_QUOTED_IDENTIFIER>, "+" <BIG_QUERY_BACK_QUOTED_IDENTIFIER>, "+" <BRACKET_QUOTED_IDENTIFIER>, "+" <UNICODE_QUOTED_IDENTIFIER>, "+" "ABS", "+" "AVG", "+" "CARDINALITY", "+" "CHAR", "+" "CHAR_LENGTH", "+" "CHARACTER_LENGTH", "+" "COALESCE", "+" "COLLECT", "+" "COVAR_POP", "+" "COVAR_SAMP", "+" "CUME_DIST", "+" "COUNT", "+" "CURRENT_DATE", "+" "CURRENT_TIME", "+" "CURRENT_TIMESTAMP", "+" "DENSE_RANK", "+" "ELEMENT", "+" "EVERY", "+" "EXP", "+" "FIRST_VALUE", "+" "FUSION", "+" "INTERSECTION", "+" "GROUPING", "+" "HOUR", "+" "LAG", "+" "LEAD", "+" "LEFT", "+" "LAST_VALUE", "+" "LN", "+" "LOCALTIME", "+" "LOCALTIMESTAMP", "+" "LOWER", "+" "MAX", "+" "MIN", "+" "MINUTE", "+" "MOD", "+" "MONTH", "+" "NTH_VALUE", "+" "NTILE", "+" "NULLIF", "+" "OCTET_LENGTH", "+" "PERCENT_RANK", "+" "POWER", "+" "RANK", "+" "REGR_COUNT", "+" "REGR_SXX", "+" "REGR_SYY", "+" "RIGHT", "+" "ROW_NUMBER", "+" "SECOND", "+" "SOME", "+" "SQRT", "+" "STDDEV_POP", "+" "STDDEV_SAMP", "+" "SUM", "+" "UPPER", "+" "TRUNCATE", "+" "USER", "+" "VAR_POP", "+" "VAR_SAMP", "+" "YEAR", "+" "CURRENT_CATALOG", "+" "CURRENT_DEFAULT_TRANSFORM_GROUP", "+" "CURRENT_PATH", "+" "CURRENT_ROLE", "+" "CURRENT_SCHEMA", "+" "CURRENT_USER", "+" "SESSION_USER", "+" "SYSTEM_USER", "+" "NEW", "+" "CASE", "+" "CURRENT", "+" "CURSOR", "+" "ROW", "+" "(", "DESCRIBE", "DELETE", "UPDATE", "MERGE", "CALL"] -> DruidException: Received an unexpected token [+ |] (line [1], column [1]), acceptable options: ["INSERT", "UPSERT", "EXPLAIN", "REPLACE", "SET", "RESET", "ALTER", "WITH", "SELECT", "VALUES", "VALUE", "TABLE", "+" "+", "+" "-", "+" "NOT", "+" "EXISTS", "+" "UNIQUE", "+" "INTERVAL", "+" <UNSIGNED_INTEGER_LITERAL>, "+" <DECIMAL_NUMERIC_LITERAL>, "+" <APPROX_NUMERIC_LITERAL>, "+" <BINARY_STRING_LITERAL>, "+" <PREFIXED_STRING_LITERAL>, "+" <QUOTED_STRING>, "+" <UNICODE_STRING_LITERAL>, "+" <C_STYLE_ESCAPED_STRING_LITERAL>, "+" <BIG_QUERY_DOUBLE_QUOTED_STRING>, "+" <BIG_QUERY_QUOTED_STRING>, "+" "TRUE", "+" "FALSE", "+" "UNKNOWN", "+" "NULL", "+" <LBRACE_D>, "+" <LBRACE_T>, "+" <LBRACE_TS>, "+" "DATE", "+" "DATETIME", "+" "TIME", "+" "TIMESTAMP", "+" "?", "+" "CAST", "+" "SAFE_CAST", "+" "TRY_CAST", "+" "EXTRACT", "+" "POSITION", "+" "CONVERT", "+" "TRANSLATE", "+" "OVERLAY", "+" "FLOOR", "+" "CEIL", "+" "CEILING", "+" "SUBSTRING", "+" "TRIM", "+" "CLASSIFIER", "+" "MATCH_NUMBER", "+" "RUNNING", "+" "PREV", "+" "NEXT", "+" "JSON_EXISTS", "+" "JSON_VALUE", "+" "JSON_QUERY", "+" "JSON_OBJECT", "+" "JSON_OBJECTAGG", "+" "JSON_ARRAY", "+" "JSON_ARRAYAGG", "+" <LBRACE_FN>, "+" "MULTISET", "+" "ARRAY", "+" "PERIOD", "+" "SPECIFIC", "+" <IDENTIFIER>, "+" <HYPHENATED_IDENTIFIER>, "+" <QUOTED_IDENTIFIER>, "+" <BACK_QUOTED_IDENTIFIER>, "+" <BIG_QUERY_BACK_QUOTED_IDENTIFIER>, "+" <BRACKET_QUOTED_IDENTIFIER>, "+" <UNICODE_QUOTED_IDENTIFIER>, "+" "ABS", "+" "AVG", "+" "CARDINALITY", "+" "CHAR", "+" "CHAR_LENGTH", "+" "CHARACTER_LENGTH", "+" "COALESCE", "+" "COLLECT", "+" "COVAR_POP", "+" "COVAR_SAMP", "+" "CUME_DIST", "+" "COUNT", "+" "CURRENT_DATE", "+" "CURRENT_TIME", "+" "CURRENT_TIMESTAMP", "+" "DENSE_RANK", "+" "ELEMENT", "+" "EVERY", "+" "EXP", "+" "FIRST_VALUE", "+" "FUSION", "+" "INTERSECTION", "+" "GROUPING", "+" "HOUR", "+" "LAG", "+" "LEAD", "+" "LEFT", "+" "LAST_VALUE", "+" "LN", "+" "LOCALTIME", "+" "LOCALTIMESTAMP", "+" "LOWER", "+" "MAX", "+" "MIN", "+" "MINUTE", "+" "MOD", "+" "MONTH", "+" "NTH_VALUE", "+" "NTILE", "+" "NULLIF", "+" "OCTET_LENGTH", "+" "PERCENT_RANK", "+" "POWER", "+" "RANK", "+" "REGR_COUNT", "+" "REGR_SXX", "+" "REGR_SYY", "+" "RIGHT", "+" "ROW_NUMBER", "+" "SECOND", "+" "SOME", "+" "SQRT", "+" "STDDEV_POP", "+" "STDDEV_SAMP", "+" "SUM", "+" "UPPER", "+" "TRUNCATE", "+" "USER", "+" "VAR_POP", "+" "VAR_SAMP", "+" "YEAR", "+" "CURRENT_CATALOG", "+" "CURRENT_DEFAULT_TRANSFORM_GROUP", "+" "CURRENT_PATH", "+" "CURRENT_ROLE", "+" "CURRENT_SCHEMA", "+" "CURRENT_USER", "+" "SESSION_USER", "+" "SYSTEM_USER", "+" "NEW", "+" "CASE", "+" "CURRENT", "+" "CURSOR", "+" "ROW", "+" "(", "DESCRIBE", "DELETE", "UPDATE", "MERGE", "CALL"] -> SqlParseException: Encountered "+ |" at line 1, column 1.
Was expecting one of:
    "INSERT" ...
    "UPSERT" ...
    "EXPLAIN" ...
    "REPLACE" ...
    "SET" ...
    "RESET" ...
    "ALTER" ...
    "WITH" ...
    "SELECT" ...
    "VALUES" ...
    "VALUE" ...
    "TABLE" ...
    "+" "+" ...
    "+" "-" ...
    "+" "NOT" ...
    "+" "EXISTS" ...
    "+" "UNIQUE" ...
    "+" "INTERVAL" ...
    "+" <UNSIGNED_INTEGER_LITERAL> ...
    "+" <DECIMAL_NUMERIC_LITERAL> ...
    "+" <APPROX_NUMERIC_LITERAL> ...
    "+" <BINARY_STRING_LITERAL> ...
    "+" <PREFIXED_STRING_LITERAL> ...
    "+" <QUOTED_STRING> ...
    "+" <UNICODE_STRING_LITERAL> ...
    "+" <C_STYLE_ESCAPED_STRING_LITERAL> ...
    "+" <BIG_QUERY_DOUBLE_QUOTED_STRING> ...
    "+" <BIG_QUERY_QUOTED_STRING> ...
    "+" "TRUE" ...
    "+" "FALSE" ...
    "+" "UNKNOWN" ...
    "+" "NULL" ...
    "+" <LBRACE_D> ...
    "+" <LBRACE_T> ...
    "+" <LBRACE_TS> ...
    "+" "DATE" ...
    "+" "DATETIME" ...
    "+" "TIME" ...
    "+" "TIMESTAMP" ...
    "+" "?" ...
    "+" "CAST" ...
    "+" "SAFE_CAST" ...
    "+" "TRY_CAST" ...
    "+" "EXTRACT" ...
    "+" "POSITION" ...
    "+" "CONVERT" ...
    "+" "TRANSLATE" ...
    "+" "OVERLAY" ...
    "+" "FLOOR" ...
    "+" "CEIL" ...
    "+" "CEILING" ...
    "+" "SUBSTRING" ...
    "+" "TRIM" ...
    "+" "CLASSIFIER" ...
    "+" "MATCH_NUMBER" ...
    "+" "RUNNING" ...
    "+" "PREV" ...
    "+" "NEXT" ...
    "+" "JSON_EXISTS" ...
    "+" "JSON_VALUE" ...
    "+" "JSON_QUERY" ...
    "+" "JSON_OBJECT" ...
    "+" "JSON_OBJECTAGG" ...
    "+" "JSON_ARRAY" ...
    "+" "JSON_ARRAYAGG" ...
    "+" <LBRACE_FN> ...
    "+" "MULTISET" ...
    "+" "ARRAY" ...
    "+" "PERIOD" ...
    "+" "SPECIFIC" ...
    "+" <IDENTIFIER> ...
    "+" <HYPHENATED_IDENTIFIER> ...
    "+" <QUOTED_IDENTIFIER> ...
    "+" <BACK_QUOTED_IDENTIFIER> ...
    "+" <BIG_QUERY_BACK_QUOTED_IDENTIFIER> ...
    "+" <BRACKET_QUOTED_IDENTIFIER> ...
    "+" <UNICODE_QUOTED_IDENTIFIER> ...
    "+" "ABS" ...
    "+" "AVG" ...
    "+" "CARDINALITY" ...
    "+" "CHAR" ...
    "+" "CHAR_LENGTH" ...
    "+" "CHARACTER_LENGTH" ...
    "+" "COALESCE" ...
    "+" "COLLECT" ...
    "+" "COVAR_POP" ...
    "+" "COVAR_SAMP" ...
    "+" "CUME_DIST" ...
    "+" "COUNT" ...
    "+" "CURRENT_DATE" ...
    "+" "CURRENT_TIME" ...
    "+" "CURRENT_TIMESTAMP" ...
    "+" "DENSE_RANK" ...
    "+" "ELEMENT" ...
    "+" "EVERY" ...
    "+" "EXP" ...
    "+" "FIRST_VALUE" ...
    "+" "FUSION" ...
    "+" "INTERSECTION" ...
    "+" "GROUPING" ...
    "+" "HOUR" ...
    "+" "LAG" ...
    "+" "LEAD" ...
    "+" "LEFT" ...
    "+" "LAST_VALUE" ...
    "+" "LN" ...
    "+" "LOCALTIME" ...
    "+" "LOCALTIMESTAMP" ...
    "+" "LOWER" ...
    "+" "MAX" ...
    "+" "MIN" ...
    "+" "MINUTE" ...
    "+" "MOD" ...
    "+" "MONTH" ...
    "+" "NTH_VALUE" ...
    "+" "NTILE" ...
    "+" "NULLIF" ...
    "+" "OCTET_LENGTH" ...
    "+" "PERCENT_RANK" ...
    "+" "POWER" ...
    "+" "RANK" ...
    "+" "REGR_COUNT" ...
    "+" "REGR_SXX" ...
    "+" "REGR_SYY" ...
    "+" "RIGHT" ...
    "+" "ROW_NUMBER" ...
    "+" "SECOND" ...
    "+" "SOME" ...
    "+" "SQRT" ...
    "+" "STDDEV_POP" ...
    "+" "STDDEV_SAMP" ...
    "+" "SUM" ...
    "+" "UPPER" ...
    "+" "TRUNCATE" ...
    "+" "USER" ...
    "+" "VAR_POP" ...
    "+" "VAR_SAMP" ...
    "+" "YEAR" ...
    "+" "CURRENT_CATALOG" ...
    "+" "CURRENT_DEFAULT_TRANSFORM_GROUP" ...
    "+" "CURRENT_PATH" ...
    "+" "CURRENT_ROLE" ...
    "+" "CURRENT_SCHEMA" ...
    "+" "CURRENT_USER" ...
    "+" "SESSION_USER" ...
    "+" "SYSTEM_USER" ...
    "+" "NEW" ...
    "+" "CASE" ...
    "+" "CURRENT" ...
    "+" "CURSOR" ...
    "+" "ROW" ...
    "+" "(" ...
    "DESCRIBE" ...
    "DELETE" ...
    "UPDATE" ...
    "MERGE" ...
    "CALL" ...
     -> ParseException: Encountered "+ |" at line 1, column 1.
Was expecting one of:
    "INSERT" ...
    "UPSERT" ...
    "EXPLAIN" ...
    "REPLACE" ...
    "SET" ...
    "RESET" ...
    "ALTER" ...
    "WITH" ...
    "SELECT" ...
    "VALUES" ...
    "VALUE" ...
    "TABLE" ...
    "+" "+" ...
    "+" "-" ...
    "+" "NOT" ...
    "+" "EXISTS" ...
    "+" "UNIQUE" ...
    "+" "INTERVAL" ...
    "+" <UNSIGNED_INTEGER_LITERAL> ...
    "+" <DECIMAL_NUMERIC_LITERAL> ...
    "+" <APPROX_NUMERIC_LITERAL> ...
    "+" <BINARY_STRING_LITERAL> ...
    "+" <PREFIXED_STRING_LITERAL> ...
    "+" <QUOTED_STRING> ...
    "+" <UNICODE_STRING_LITERAL> ...
    "+" <C_STYLE_ESCAPED_STRING_LITERAL> ...
    "+" <BIG_QUERY_DOUBLE_QUOTED_STRING> ...
    "+" <BIG_QUERY_QUOTED_STRING> ...
    "+" "TRUE" ...
    "+" "FALSE" ...
    "+" "UNKNOWN" ...
    "+" "NULL" ...
    "+" <LBRACE_D> ...
    "+" <LBRACE_T> ...
    "+" <LBRACE_TS> ...
    "+" "DATE" ...
    "+" "DATETIME" ...
    "+" "TIME" ...
    "+" "TIMESTAMP" ...
    "+" "?" ...
    "+" "CAST" ...
    "+" "SAFE_CAST" ...
    "+" "TRY_CAST" ...
    "+" "EXTRACT" ...
    "+" "POSITION" ...
    "+" "CONVERT" ...
    "+" "TRANSLATE" ...
    "+" "OVERLAY" ...
    "+" "FLOOR" ...
    "+" "CEIL" ...
    "+" "CEILING" ...
    "+" "SUBSTRING" ...
    "+" "TRIM" ...
    "+" "CLASSIFIER" ...
    "+" "MATCH_NUMBER" ...
    "+" "RUNNING" ...
    "+" "PREV" ...
    "+" "NEXT" ...
    "+" "JSON_EXISTS" ...
    "+" "JSON_VALUE" ...
    "+" "JSON_QUERY" ...
    "+" "JSON_OBJECT" ...
    "+" "JSON_OBJECTAGG" ...
    "+" "JSON_ARRAY" ...
    "+" "JSON_ARRAYAGG" ...
    "+" <LBRACE_FN> ...
    "+" "MULTISET" ...
    "+" "ARRAY" ...
    "+" "PERIOD" ...
    "+" "SPECIFIC" ...
    "+" <IDENTIFIER> ...
    "+" <HYPHENATED_IDENTIFIER> ...
    "+" <QUOTED_IDENTIFIER> ...
    "+" <BACK_QUOTED_IDENTIFIER> ...
    "+" <BIG_QUERY_BACK_QUOTED_IDENTIFIER> ...
    "+" <BRACKET_QUOTED_IDENTIFIER> ...
    "+" <UNICODE_QUOTED_IDENTIFIER> ...
    "+" "ABS" ...
    "+" "AVG" ...
    "+" "CARDINALITY" ...
    "+" "CHAR" ...
    "+" "CHAR_LENGTH" ...
    "+" "CHARACTER_LENGTH" ...
    "+" "COALESCE" ...
    "+" "COLLECT" ...
    "+" "COVAR_POP" ...
    "+" "COVAR_SAMP" ...
    "+" "CUME_DIST" ...
    "+" "COUNT" ...
    "+" "CURRENT_DATE" ...
    "+" "CURRENT_TIME" ...
    "+" "CURRENT_TIMESTAMP" ...
    "+" "DENSE_RANK" ...
    "+" "ELEMENT" ...
    "+" "EVERY" ...
    "+" "EXP" ...
    "+" "FIRST_VALUE" ...
    "+" "FUSION" ...
    "+" "INTERSECTION" ...
    "+" "GROUPING" ...
    "+" "HOUR" ...
    "+" "LAG" ...
    "+" "LEAD" ...
    "+" "LEFT" ...
    "+" "LAST_VALUE" ...
    "+" "LN" ...
    "+" "LOCALTIME" ...
    "+" "LOCALTIMESTAMP" ...
    "+" "LOWER" ...
    "+" "MAX" ...
    "+" "MIN" ...
    "+" "MINUTE" ...
    "+" "MOD" ...
    "+" "MONTH" ...
    "+" "NTH_VALUE" ...
    "+" "NTILE" ...
    "+" "NULLIF" ...
    "+" "OCTET_LENGTH" ...
    "+" "PERCENT_RANK" ...
    "+" "POWER" ...
    "+" "RANK" ...
    "+" "REGR_COUNT" ...
    "+" "REGR_SXX" ...
    "+" "REGR_SYY" ...
    "+" "RIGHT" ...
    "+" "ROW_NUMBER" ...
    "+" "SECOND" ...
    "+" "SOME" ...
    "+" "SQRT" ...
    "+" "STDDEV_POP" ...
    "+" "STDDEV_SAMP" ...
    "+" "SUM" ...
    "+" "UPPER" ...
    "+" "TRUNCATE" ...
    "+" "USER" ...
    "+" "VAR_POP" ...
    "+" "VAR_SAMP" ...
    "+" "YEAR" ...
    "+" "CURRENT_CATALOG" ...
    "+" "CURRENT_DEFAULT_TRANSFORM_GROUP" ...
    "+" "CURRENT_PATH" ...
    "+" "CURRENT_ROLE" ...
    "+" "CURRENT_SCHEMA" ...
    "+" "CURRENT_USER" ...
    "+" "SESSION_USER" ...
    "+" "SYSTEM_USER" ...
    "+" "NEW" ...
    "+" "CASE" ...
    "+" "CURRENT" ...
    "+" "CURSOR" ...
    "+" "ROW" ...
    "+" "(" ...
    "DESCRIBE" ...
    "DELETE" ...
    "UPDATE" ...
    "MERGE" ...
    "CALL" ...
    
	at org.apache.calcite.avatica.Helper.createException(Helper.java:54)
	at org.apache.calcite.avatica.Helper.createException(Helper.java:41)
	at org.apache.calcite.avatica.AvaticaStatement.executeInternal(AvaticaStatement.java:164)
	at org.apache.calcite.avatica.AvaticaStatement.executeQuery(AvaticaStatement.java:228)
	at net.hydromatic.quidem.Quidem.checkResult(Quidem.java:299)
	at net.hydromatic.quidem.Quidem.access$2600(Quidem.java:57)
	at net.hydromatic.quidem.Quidem$ContextImpl.checkResult(Quidem.java:1636)
	at net.hydromatic.quidem.Quidem$CheckResultCommand.execute(Quidem.java:941)
	at net.hydromatic.quidem.Quidem$CompositeCommand.execute(Quidem.java:1437)
	at net.hydromatic.quidem.Quidem.execute(Quidem.java:190)
	at org.apache.druid.sql.binga.DruidQuidemTestBase.test(DruidQuidemTestBase.java:78)
	at java.base/jdk.internal.reflect.NativeMethodAccessorImpl.invoke0(Native Method)
	at java.base/jdk.internal.reflect.NativeMethodAccessorImpl.invoke(NativeMethodAccessorImpl.java:62)
	at java.base/jdk.internal.reflect.DelegatingMethodAccessorImpl.invoke(DelegatingMethodAccessorImpl.java:43)
	at java.base/java.lang.reflect.Method.invoke(Method.java:566)
	at org.junit.platform.commons.util.ReflectionUtils.invokeMethod(ReflectionUtils.java:728)
	at org.junit.jupiter.engine.execution.MethodInvocation.proceed(MethodInvocation.java:60)
	at org.junit.jupiter.engine.execution.InvocationInterceptorChain$ValidatingInvocation.proceed(InvocationInterceptorChain.java:131)
	at org.junit.jupiter.engine.extension.TimeoutExtension.intercept(TimeoutExtension.java:156)
	at org.junit.jupiter.engine.extension.TimeoutExtension.interceptTestableMethod(TimeoutExtension.java:147)
	at org.junit.jupiter.engine.extension.TimeoutExtension.interceptTestTemplateMethod(TimeoutExtension.java:94)
	at org.junit.jupiter.engine.execution.InterceptingExecutableInvoker$ReflectiveInterceptorCall.lambda$ofVoidMethod$0(InterceptingExecutableInvoker.java:103)
	at org.junit.jupiter.engine.execution.InterceptingExecutableInvoker.lambda$invoke$0(InterceptingExecutableInvoker.java:93)
	at org.junit.jupiter.engine.execution.InvocationInterceptorChain$InterceptedInvocation.proceed(InvocationInterceptorChain.java:106)
	at org.junit.jupiter.engine.execution.InvocationInterceptorChain.proceed(InvocationInterceptorChain.java:64)
	at org.junit.jupiter.engine.execution.InvocationInterceptorChain.chainAndInvoke(InvocationInterceptorChain.java:45)
	at org.junit.jupiter.engine.execution.InvocationInterceptorChain.invoke(InvocationInterceptorChain.java:37)
	at org.junit.jupiter.engine.execution.InterceptingExecutableInvoker.invoke(InterceptingExecutableInvoker.java:92)
	at org.junit.jupiter.engine.execution.InterceptingExecutableInvoker.invoke(InterceptingExecutableInvoker.java:86)
	at org.junit.jupiter.engine.descriptor.TestMethodTestDescriptor.lambda$invokeTestMethod$7(TestMethodTestDescriptor.java:218)
	at org.junit.platform.engine.support.hierarchical.ThrowableCollector.execute(ThrowableCollector.java:73)
	at org.junit.jupiter.engine.descriptor.TestMethodTestDescriptor.invokeTestMethod(TestMethodTestDescriptor.java:214)
	at org.junit.jupiter.engine.descriptor.TestMethodTestDescriptor.execute(Te (stack truncated)
!ok


select cityName, countryName from wikipedia where cityName is null limit 1;
+----------+-------------+
| cityName | countryName |
+----------+-------------+
|          |             |
+----------+-------------+
(1 row)

!ok
